2023-11-01 12:54:37,183 [Worker-6: Loading available Gradle versions] INFO  o.e.b.c.i.u.g.PublishedGradleVersions - Gradle version information cache is up-to-date. Trying to read.
2023-11-01 12:55:20,832 [Worker-15: Updating Maven Dependencies] INFO  o.e.m.c.i.l.LifecycleMappingFactory - Using org.maven.ide.eclipse.wtp.WarLifecycleMapping lifecycle mapping for MavenProject: tendermanagement:tendermanagement:0.0.1-SNAPSHOT @ E:\DamTenderManagementProject\git\Tender-Management-System\tendermanagement\pom.xml.
2023-11-01 13:08:03,164 [Worker-8: Building] WARN  o.e.m.c.i.embedder.EclipseLogger - Using platform encoding (Cp1252 actually) to copy filtered resources, i.e. build is platform dependent!
2023-11-01 13:08:03,172 [Worker-8: Building] INFO  o.e.m.c.i.embedder.EclipseLogger - Copying 1 resource
2023-11-01 13:08:03,195 [Worker-8: Building] WARN  o.e.m.c.i.embedder.EclipseLogger - Using platform encoding (Cp1252 actually) to copy filtered resources, i.e. build is platform dependent!
2023-11-01 13:08:03,196 [Worker-8: Building] INFO  o.e.m.c.i.embedder.EclipseLogger - skip non existing resourceDirectory E:\DamTenderManagementProject\git\Tender-Management-System\tendermanagement\src\test\resources
2023-11-01 13:10:26,332 [main] INFO  o.e.m2e.actions.ExecutePomAction - Creating new launch configuration
2023-11-01 13:10:39,775 [main] INFO  o.e.m2e.actions.ExecutePomAction - Creating new launch configuration
2023-11-01 13:11:21,929 [Worker-24: Launching tendermanagement (1)] INFO  o.eclipse.m2e.core.internal.Bundles - getClasspathEntries(Bundle=org.eclipse.m2e.maven.runtime_3.8.604.20221130-2149 [267])
2023-11-01 13:11:21,939 [Worker-24: Launching tendermanagement (1)] INFO  o.eclipse.m2e.core.internal.Bundles - 	Entry: C:\Users\Lenovo\.p2\pool\plugins\org.eclipse.m2e.maven.runtime_3.8.604.20221130-2149
2023-11-01 13:11:21,939 [Worker-24: Launching tendermanagement (1)] INFO  o.eclipse.m2e.core.internal.Bundles - 	Entry: C:\Users\Lenovo\.p2\pool\plugins\org.eclipse.m2e.maven.runtime_3.8.604.20221130-2149\jars\aether-connector-okhttp-0.17.8.jar
2023-11-01 13:11:21,940 [Worker-24: Launching tendermanagement (1)] INFO  o.eclipse.m2e.core.internal.Bundles - 	Entry: C:\Users\Lenovo\.p2\pool\plugins\org.eclipse.m2e.maven.runtime_3.8.604.20221130-2149\jars\commons-cli-1.4.jar
2023-11-01 13:11:21,940 [Worker-24: Launching tendermanagement (1)] INFO  o.eclipse.m2e.core.internal.Bundles - 	Entry: C:\Users\Lenovo\.p2\pool\plugins\org.eclipse.m2e.maven.runtime_3.8.604.20221130-2149\jars\commons-io-2.6.jar
2023-11-01 13:11:21,940 [Worker-24: Launching tendermanagement (1)] INFO  o.eclipse.m2e.core.internal.Bundles - 	Entry: C:\Users\Lenovo\.p2\pool\plugins\org.eclipse.m2e.maven.runtime_3.8.604.20221130-2149\jars\commons-lang3-3.8.1.jar
2023-11-01 13:11:21,940 [Worker-24: Launching tendermanagement (1)] INFO  o.eclipse.m2e.core.internal.Bundles - 	Entry: C:\Users\Lenovo\.p2\pool\plugins\org.eclipse.m2e.maven.runtime_3.8.604.20221130-2149\jars\guice-4.2.2-no_aop.jar
2023-11-01 13:11:21,940 [Worker-24: Launching tendermanagement (1)] INFO  o.eclipse.m2e.core.internal.Bundles - 	Entry: C:\Users\Lenovo\.p2\pool\plugins\org.eclipse.m2e.maven.runtime_3.8.604.20221130-2149\jars\jansi-2.4.0.jar
2023-11-01 13:11:21,940 [Worker-24: Launching tendermanagement (1)] INFO  o.eclipse.m2e.core.internal.Bundles - 	Entry: C:\Users\Lenovo\.p2\pool\plugins\org.eclipse.m2e.maven.runtime_3.8.604.20221130-2149\jars\maven-artifact-3.8.6.jar
2023-11-01 13:11:21,940 [Worker-24: Launching tendermanagement (1)] INFO  o.eclipse.m2e.core.internal.Bundles - 	Entry: C:\Users\Lenovo\.p2\pool\plugins\org.eclipse.m2e.maven.runtime_3.8.604.20221130-2149\jars\maven-builder-support-3.8.6.jar
2023-11-01 13:11:21,941 [Worker-24: Launching tendermanagement (1)] INFO  o.eclipse.m2e.core.internal.Bundles - 	Entry: C:\Users\Lenovo\.p2\pool\plugins\org.eclipse.m2e.maven.runtime_3.8.604.20221130-2149\jars\maven-compat-3.8.6.jar
2023-11-01 13:11:21,941 [Worker-24: Launching tendermanagement (1)] INFO  o.eclipse.m2e.core.internal.Bundles - 	Entry: C:\Users\Lenovo\.p2\pool\plugins\org.eclipse.m2e.maven.runtime_3.8.604.20221130-2149\jars\maven-core-3.8.6.jar
2023-11-01 13:11:21,941 [Worker-24: Launching tendermanagement (1)] INFO  o.eclipse.m2e.core.internal.Bundles - 	Entry: C:\Users\Lenovo\.p2\pool\plugins\org.eclipse.m2e.maven.runtime_3.8.604.20221130-2149\jars\maven-embedder-3.8.6.jar
2023-11-01 13:11:21,941 [Worker-24: Launching tendermanagement (1)] INFO  o.eclipse.m2e.core.internal.Bundles - 	Entry: C:\Users\Lenovo\.p2\pool\plugins\org.eclipse.m2e.maven.runtime_3.8.604.20221130-2149\jars\maven-model-3.8.6.jar
2023-11-01 13:11:21,941 [Worker-24: Launching tendermanagement (1)] INFO  o.eclipse.m2e.core.internal.Bundles - 	Entry: C:\Users\Lenovo\.p2\pool\plugins\org.eclipse.m2e.maven.runtime_3.8.604.20221130-2149\jars\maven-model-builder-3.8.6.jar
2023-11-01 13:11:21,941 [Worker-24: Launching tendermanagement (1)] INFO  o.eclipse.m2e.core.internal.Bundles - 	Entry: C:\Users\Lenovo\.p2\pool\plugins\org.eclipse.m2e.maven.runtime_3.8.604.20221130-2149\jars\maven-plugin-api-3.8.6.jar
2023-11-01 13:11:21,941 [Worker-24: Launching tendermanagement (1)] INFO  o.eclipse.m2e.core.internal.Bundles - 	Entry: C:\Users\Lenovo\.p2\pool\plugins\org.eclipse.m2e.maven.runtime_3.8.604.20221130-2149\jars\maven-repository-metadata-3.8.6.jar
2023-11-01 13:11:21,942 [Worker-24: Launching tendermanagement (1)] INFO  o.eclipse.m2e.core.internal.Bundles - 	Entry: C:\Users\Lenovo\.p2\pool\plugins\org.eclipse.m2e.maven.runtime_3.8.604.20221130-2149\jars\maven-resolver-api-1.6.3.jar
2023-11-01 13:11:21,942 [Worker-24: Launching tendermanagement (1)] INFO  o.eclipse.m2e.core.internal.Bundles - 	Entry: C:\Users\Lenovo\.p2\pool\plugins\org.eclipse.m2e.maven.runtime_3.8.604.20221130-2149\jars\maven-resolver-connector-basic-1.6.3.jar
2023-11-01 13:11:21,942 [Worker-24: Launching tendermanagement (1)] INFO  o.eclipse.m2e.core.internal.Bundles - 	Entry: C:\Users\Lenovo\.p2\pool\plugins\org.eclipse.m2e.maven.runtime_3.8.604.20221130-2149\jars\maven-resolver-impl-1.6.3.jar
2023-11-01 13:11:21,942 [Worker-24: Launching tendermanagement (1)] INFO  o.eclipse.m2e.core.internal.Bundles - 	Entry: C:\Users\Lenovo\.p2\pool\plugins\org.eclipse.m2e.maven.runtime_3.8.604.20221130-2149\jars\maven-resolver-provider-3.8.6.jar
2023-11-01 13:11:21,942 [Worker-24: Launching tendermanagement (1)] INFO  o.eclipse.m2e.core.internal.Bundles - 	Entry: C:\Users\Lenovo\.p2\pool\plugins\org.eclipse.m2e.maven.runtime_3.8.604.20221130-2149\jars\maven-resolver-spi-1.6.3.jar
2023-11-01 13:11:21,942 [Worker-24: Launching tendermanagement (1)] INFO  o.eclipse.m2e.core.internal.Bundles - 	Entry: C:\Users\Lenovo\.p2\pool\plugins\org.eclipse.m2e.maven.runtime_3.8.604.20221130-2149\jars\maven-resolver-transport-wagon-1.6.3.jar
2023-11-01 13:11:21,942 [Worker-24: Launching tendermanagement (1)] INFO  o.eclipse.m2e.core.internal.Bundles - 	Entry: C:\Users\Lenovo\.p2\pool\plugins\org.eclipse.m2e.maven.runtime_3.8.604.20221130-2149\jars\maven-resolver-util-1.6.3.jar
2023-11-01 13:11:21,943 [Worker-24: Launching tendermanagement (1)] INFO  o.eclipse.m2e.core.internal.Bundles - 	Entry: C:\Users\Lenovo\.p2\pool\plugins\org.eclipse.m2e.maven.runtime_3.8.604.20221130-2149\jars\maven-settings-3.8.6.jar
2023-11-01 13:11:21,943 [Worker-24: Launching tendermanagement (1)] INFO  o.eclipse.m2e.core.internal.Bundles - 	Entry: C:\Users\Lenovo\.p2\pool\plugins\org.eclipse.m2e.maven.runtime_3.8.604.20221130-2149\jars\maven-settings-builder-3.8.6.jar
2023-11-01 13:11:21,943 [Worker-24: Launching tendermanagement (1)] INFO  o.eclipse.m2e.core.internal.Bundles - 	Entry: C:\Users\Lenovo\.p2\pool\plugins\org.eclipse.m2e.maven.runtime_3.8.604.20221130-2149\jars\maven-shared-utils-3.3.4.jar
2023-11-01 13:11:21,943 [Worker-24: Launching tendermanagement (1)] INFO  o.eclipse.m2e.core.internal.Bundles - 	Entry: C:\Users\Lenovo\.p2\pool\plugins\org.eclipse.m2e.maven.runtime_3.8.604.20221130-2149\jars\okhttp-3.14.1.jar
2023-11-01 13:11:21,943 [Worker-24: Launching tendermanagement (1)] INFO  o.eclipse.m2e.core.internal.Bundles - 	Entry: C:\Users\Lenovo\.p2\pool\plugins\org.eclipse.m2e.maven.runtime_3.8.604.20221130-2149\jars\okio-1.17.3.jar
2023-11-01 13:11:21,943 [Worker-24: Launching tendermanagement (1)] INFO  o.eclipse.m2e.core.internal.Bundles - 	Entry: C:\Users\Lenovo\.p2\pool\plugins\org.eclipse.m2e.maven.runtime_3.8.604.20221130-2149\jars\org.eclipse.sisu.inject-0.3.5.jar
2023-11-01 13:11:21,943 [Worker-24: Launching tendermanagement (1)] INFO  o.eclipse.m2e.core.internal.Bundles - 	Entry: C:\Users\Lenovo\.p2\pool\plugins\org.eclipse.m2e.maven.runtime_3.8.604.20221130-2149\jars\org.eclipse.sisu.plexus-0.3.5.jar
2023-11-01 13:11:21,944 [Worker-24: Launching tendermanagement (1)] INFO  o.eclipse.m2e.core.internal.Bundles - 	Entry: C:\Users\Lenovo\.p2\pool\plugins\org.eclipse.m2e.maven.runtime_3.8.604.20221130-2149\jars\plexus-build-api-0.0.7.jar
2023-11-01 13:11:21,944 [Worker-24: Launching tendermanagement (1)] INFO  o.eclipse.m2e.core.internal.Bundles - 	Entry: C:\Users\Lenovo\.p2\pool\plugins\org.eclipse.m2e.maven.runtime_3.8.604.20221130-2149\jars\plexus-cipher-2.0.jar
2023-11-01 13:11:21,944 [Worker-24: Launching tendermanagement (1)] INFO  o.eclipse.m2e.core.internal.Bundles - 	Entry: C:\Users\Lenovo\.p2\pool\plugins\org.eclipse.m2e.maven.runtime_3.8.604.20221130-2149\jars\plexus-classworlds-2.6.0.jar
2023-11-01 13:11:21,944 [Worker-24: Launching tendermanagement (1)] INFO  o.eclipse.m2e.core.internal.Bundles - 	Entry: C:\Users\Lenovo\.p2\pool\plugins\org.eclipse.m2e.maven.runtime_3.8.604.20221130-2149\jars\plexus-component-annotations-2.1.0.jar
2023-11-01 13:11:21,945 [Worker-24: Launching tendermanagement (1)] INFO  o.eclipse.m2e.core.internal.Bundles - 	Entry: C:\Users\Lenovo\.p2\pool\plugins\org.eclipse.m2e.maven.runtime_3.8.604.20221130-2149\jars\plexus-interpolation-1.26.jar
2023-11-01 13:11:21,945 [Worker-24: Launching tendermanagement (1)] INFO  o.eclipse.m2e.core.internal.Bundles - 	Entry: C:\Users\Lenovo\.p2\pool\plugins\org.eclipse.m2e.maven.runtime_3.8.604.20221130-2149\jars\plexus-sec-dispatcher-2.0.jar
2023-11-01 13:11:21,945 [Worker-24: Launching tendermanagement (1)] INFO  o.eclipse.m2e.core.internal.Bundles - 	Entry: C:\Users\Lenovo\.p2\pool\plugins\org.eclipse.m2e.maven.runtime_3.8.604.20221130-2149\jars\plexus-utils-3.3.1.jar
2023-11-01 13:11:21,945 [Worker-24: Launching tendermanagement (1)] INFO  o.eclipse.m2e.core.internal.Bundles - 	Entry: C:\Users\Lenovo\.p2\pool\plugins\org.eclipse.m2e.maven.runtime_3.8.604.20221130-2149\jars\wagon-file-3.5.1.jar
2023-11-01 13:11:21,945 [Worker-24: Launching tendermanagement (1)] INFO  o.eclipse.m2e.core.internal.Bundles - 	Entry: C:\Users\Lenovo\.p2\pool\plugins\org.eclipse.m2e.maven.runtime_3.8.604.20221130-2149\jars\wagon-provider-api-3.5.1.jar
2023-11-01 13:11:21,947 [Worker-24: Launching tendermanagement (1)] INFO  o.eclipse.m2e.core.internal.Bundles - getClasspathEntries(Bundle=com.google.guava_30.1.0.v20221112-0806 [8])
2023-11-01 13:11:21,950 [Worker-24: Launching tendermanagement (1)] INFO  o.eclipse.m2e.core.internal.Bundles - 	Entry: C:\Users\Lenovo\.p2\pool\plugins\com.google.guava_30.1.0.v20221112-0806.jar
2023-11-01 13:11:21,950 [Worker-24: Launching tendermanagement (1)] INFO  o.eclipse.m2e.core.internal.Bundles - getClasspathEntries(Bundle=slf4j.api_1.7.36 [431])
2023-11-01 13:11:21,951 [Worker-24: Launching tendermanagement (1)] INFO  o.eclipse.m2e.core.internal.Bundles - 	Entry: C:\Users\Lenovo\.p2\pool\plugins\slf4j.api_1.7.36.jar
2023-11-01 13:11:21,951 [Worker-24: Launching tendermanagement (1)] INFO  o.eclipse.m2e.core.internal.Bundles - getClasspathEntries(Bundle=javax.inject_1.0.0.v20220405-0441 [18])
2023-11-01 13:11:21,953 [Worker-24: Launching tendermanagement (1)] INFO  o.eclipse.m2e.core.internal.Bundles - 	Entry: C:\Users\Lenovo\.p2\pool\plugins\javax.inject_1.0.0.v20220405-0441.jar
2023-11-01 13:11:21,953 [Worker-24: Launching tendermanagement (1)] INFO  o.eclipse.m2e.core.internal.Bundles - getClasspathEntries(Bundle=javax.annotation_1.3.5.v20221112-0806 [16])
2023-11-01 13:11:21,955 [Worker-24: Launching tendermanagement (1)] INFO  o.eclipse.m2e.core.internal.Bundles - 	Entry: C:\Users\Lenovo\.p2\pool\plugins\javax.annotation_1.3.5.v20221112-0806.jar
2023-11-01 13:11:22,217 [Worker-24: Launching tendermanagement (1)] INFO  o.e.m.i.launch.MavenLaunchDelegate - Run build in "E:\DamTenderManagementProject\git\Tender-Management-System\tendermanagement":
2023-11-01 13:11:22,221 [Worker-24: Launching tendermanagement (1)] INFO  o.e.m.i.launch.MavenLaunchDelegate -  mvn  -B -Dmaven.test.skip=true -DskipTests -Dstyle.color=always clean install
2023-11-01 13:12:10,407 [Worker-15: Updating Maven Project] INFO  o.e.m.c.i.p.ProjectConfigurationManager - Update started
2023-11-01 13:12:10,799 [Worker-15: Updating Maven Project] INFO  o.e.m.c.i.l.LifecycleMappingFactory - Using org.maven.ide.eclipse.wtp.WarLifecycleMapping lifecycle mapping for MavenProject: tendermanagement:tendermanagement:0.0.1-SNAPSHOT @ E:\DamTenderManagementProject\git\Tender-Management-System\tendermanagement\pom.xml.
2023-11-01 13:12:11,296 [Worker-15: Updating Maven Project] INFO  o.e.m.j.i.AbstractJavaProjectConfigurator - Adding source folder /tendermanagement/src
2023-11-01 13:12:11,297 [Worker-15: Updating Maven Project] INFO  o.e.m.j.i.AbstractJavaProjectConfigurator - Resources folder /tendermanagement/src overlaps with sources folder /tendermanagement/src
2023-11-01 13:12:11,298 [Worker-15: Updating Maven Project] INFO  o.e.m.j.i.AbstractJavaProjectConfigurator - Not adding source folder /tendermanagement/src/test/java because it overlaps with /tendermanagement/src
2023-11-01 13:12:12,371 [Worker-15: Updating Maven Project] INFO  o.e.m.w.i.f.ResourceFilteringBuildParticipant - Cleaning filtered folder for tendermanagement
2023-11-01 13:12:12,388 [Worker-15: Updating Maven Project] INFO  o.e.m.c.i.p.ProjectConfigurationManager - Update completed for 1 poms: local refresh takes 0.00 sec, refresh facades takes 0.00 sec, update config takes 0.00 sec 
2023-11-01 13:12:12,953 [Worker-27: Building] WARN  o.e.m.c.i.embedder.EclipseLogger - Using platform encoding (Cp1252 actually) to copy filtered resources, i.e. build is platform dependent!
2023-11-01 13:12:12,957 [Worker-27: Building] INFO  o.e.m.c.i.embedder.EclipseLogger - Copying 1 resource
2023-11-01 13:12:12,981 [Worker-27: Building] WARN  o.e.m.c.i.embedder.EclipseLogger - Using platform encoding (Cp1252 actually) to copy filtered resources, i.e. build is platform dependent!
2023-11-01 13:12:12,982 [Worker-27: Building] INFO  o.e.m.c.i.embedder.EclipseLogger - skip non existing resourceDirectory E:\DamTenderManagementProject\git\Tender-Management-System\tendermanagement\src\test\resources
2023-11-01 13:12:12,983 [Worker-27: Building] INFO  o.e.m.w.i.f.ResourceFilteringBuildParticipant - Changed resources require a complete clean of filtered resources of tendermanagement
2023-11-01 13:12:12,986 [Worker-27: Building] INFO  o.e.m.w.i.f.ResourceFilteringBuildParticipant - Executing resource filtering for tendermanagement
2023-11-01 13:12:13,054 [Worker-27: Building] WARN  o.e.m.c.i.embedder.EclipseLogger - Using platform encoding (Cp1252 actually) to copy filtered resources, i.e. build is platform dependent!
2023-11-01 13:12:16,970 [Worker-24: Building] WARN  o.e.m.c.i.embedder.EclipseLogger - Using platform encoding (Cp1252 actually) to copy filtered resources, i.e. build is platform dependent!
2023-11-01 13:12:16,981 [Worker-24: Building] INFO  o.e.m.c.i.embedder.EclipseLogger - Copying 1 resource
2023-11-01 13:12:16,985 [Worker-24: Building] WARN  o.e.m.c.i.embedder.EclipseLogger - Using platform encoding (Cp1252 actually) to copy filtered resources, i.e. build is platform dependent!
2023-11-01 13:12:16,986 [Worker-24: Building] INFO  o.e.m.c.i.embedder.EclipseLogger - skip non existing resourceDirectory E:\DamTenderManagementProject\git\Tender-Management-System\tendermanagement\src\test\resources
2023-11-01 13:24:18,495 [Worker-31: Building] WARN  o.e.m.c.i.embedder.EclipseLogger - Using platform encoding (Cp1252 actually) to copy filtered resources, i.e. build is platform dependent!
2023-11-01 13:24:18,506 [Worker-31: Building] INFO  o.e.m.c.i.embedder.EclipseLogger - Copying 1 resource
2023-11-01 13:24:18,528 [Worker-31: Building] WARN  o.e.m.c.i.embedder.EclipseLogger - Using platform encoding (Cp1252 actually) to copy filtered resources, i.e. build is platform dependent!
2023-11-01 13:24:18,529 [Worker-31: Building] INFO  o.e.m.c.i.embedder.EclipseLogger - skip non existing resourceDirectory E:\DamTenderManagementProject\git\Tender-Management-System\tendermanagement\src\test\resources
2023-11-21 11:46:10,990 [Worker-4: Loading available Gradle versions] INFO  o.e.b.c.i.u.g.PublishedGradleVersions - Gradle version information cache is out-of-date. Trying to update.
2023-11-21 11:46:15,613 [Worker-10: Building] WARN  o.e.m.c.i.embedder.EclipseLogger - Using platform encoding (Cp1252 actually) to copy filtered resources, i.e. build is platform dependent!
2023-11-21 11:46:15,622 [Worker-10: Building] INFO  o.e.m.c.i.embedder.EclipseLogger - Copying 1 resource
2023-11-21 11:46:15,651 [Worker-10: Building] WARN  o.e.m.c.i.embedder.EclipseLogger - Using platform encoding (Cp1252 actually) to copy filtered resources, i.e. build is platform dependent!
2023-11-21 11:46:15,653 [Worker-10: Building] INFO  o.e.m.c.i.embedder.EclipseLogger - skip non existing resourceDirectory E:\DamTenderManagementProject\git\Tender-Management-System\tendermanagement\src\test\resources
2023-11-21 14:46:32,225 [Worker-27: Building] WARN  o.e.m.c.i.embedder.EclipseLogger - Using platform encoding (Cp1252 actually) to copy filtered resources, i.e. build is platform dependent!
2023-11-21 14:46:32,228 [Worker-27: Building] INFO  o.e.m.c.i.embedder.EclipseLogger - Copying 0 resource
2023-11-21 14:46:32,230 [Worker-27: Building] WARN  o.e.m.c.i.embedder.EclipseLogger - Using platform encoding (Cp1252 actually) to copy filtered resources, i.e. build is platform dependent!
2023-11-21 14:46:32,231 [Worker-27: Building] INFO  o.e.m.c.i.embedder.EclipseLogger - skip non existing resourceDirectory E:\DamTenderManagementProject\git\Tender-Management-System\tendermanagement\src\test\resources
2023-11-21 14:46:45,841 [Worker-28: Building] WARN  o.e.m.c.i.embedder.EclipseLogger - Using platform encoding (Cp1252 actually) to copy filtered resources, i.e. build is platform dependent!
2023-11-21 14:46:45,842 [Worker-28: Building] INFO  o.e.m.c.i.embedder.EclipseLogger - Copying 0 resource
2023-11-21 14:46:45,842 [Worker-28: Building] WARN  o.e.m.c.i.embedder.EclipseLogger - Using platform encoding (Cp1252 actually) to copy filtered resources, i.e. build is platform dependent!
2023-11-21 14:46:45,842 [Worker-28: Building] INFO  o.e.m.c.i.embedder.EclipseLogger - skip non existing resourceDirectory E:\DamTenderManagementProject\git\Tender-Management-System\tendermanagement\src\test\resources
2023-11-21 14:47:06,866 [Worker-27: Building] WARN  o.e.m.c.i.embedder.EclipseLogger - Using platform encoding (Cp1252 actually) to copy filtered resources, i.e. build is platform dependent!
2023-11-21 14:47:06,867 [Worker-27: Building] INFO  o.e.m.c.i.embedder.EclipseLogger - Copying 0 resource
2023-11-21 14:47:06,870 [Worker-27: Building] WARN  o.e.m.c.i.embedder.EclipseLogger - Using platform encoding (Cp1252 actually) to copy filtered resources, i.e. build is platform dependent!
2023-11-21 14:47:06,871 [Worker-27: Building] INFO  o.e.m.c.i.embedder.EclipseLogger - skip non existing resourceDirectory E:\DamTenderManagementProject\git\Tender-Management-System\tendermanagement\src\test\resources
2023-11-21 14:50:38,989 [Worker-28: Building] WARN  o.e.m.c.i.embedder.EclipseLogger - Using platform encoding (Cp1252 actually) to copy filtered resources, i.e. build is platform dependent!
2023-11-21 14:50:38,990 [Worker-28: Building] INFO  o.e.m.c.i.embedder.EclipseLogger - Copying 0 resource
2023-11-21 14:50:38,995 [Worker-28: Building] WARN  o.e.m.c.i.embedder.EclipseLogger - Using platform encoding (Cp1252 actually) to copy filtered resources, i.e. build is platform dependent!
2023-11-21 14:50:38,996 [Worker-28: Building] INFO  o.e.m.c.i.embedder.EclipseLogger - skip non existing resourceDirectory E:\DamTenderManagementProject\git\Tender-Management-System\tendermanagement\src\test\resources
2023-11-21 14:56:00,675 [Worker-31: Building] WARN  o.e.m.c.i.embedder.EclipseLogger - Using platform encoding (Cp1252 actually) to copy filtered resources, i.e. build is platform dependent!
2023-11-21 14:56:00,676 [Worker-31: Building] INFO  o.e.m.c.i.embedder.EclipseLogger - Copying 0 resource
2023-11-21 14:56:00,681 [Worker-31: Building] WARN  o.e.m.c.i.embedder.EclipseLogger - Using platform encoding (Cp1252 actually) to copy filtered resources, i.e. build is platform dependent!
2023-11-21 14:56:00,682 [Worker-31: Building] INFO  o.e.m.c.i.embedder.EclipseLogger - skip non existing resourceDirectory E:\DamTenderManagementProject\git\Tender-Management-System\tendermanagement\src\test\resources
2023-11-21 15:01:49,135 [Worker-38: Building] WARN  o.e.m.c.i.embedder.EclipseLogger - Using platform encoding (Cp1252 actually) to copy filtered resources, i.e. build is platform dependent!
2023-11-21 15:01:49,139 [Worker-38: Building] INFO  o.e.m.c.i.embedder.EclipseLogger - Copying 0 resource
2023-11-21 15:01:49,152 [Worker-38: Building] WARN  o.e.m.c.i.embedder.EclipseLogger - Using platform encoding (Cp1252 actually) to copy filtered resources, i.e. build is platform dependent!
2023-11-21 15:01:49,155 [Worker-38: Building] INFO  o.e.m.c.i.embedder.EclipseLogger - skip non existing resourceDirectory E:\DamTenderManagementProject\git\Tender-Management-System\tendermanagement\src\test\resources
2023-11-21 15:02:18,920 [Worker-43: Building] WARN  o.e.m.c.i.embedder.EclipseLogger - Using platform encoding (Cp1252 actually) to copy filtered resources, i.e. build is platform dependent!
2023-11-21 15:02:18,923 [Worker-43: Building] INFO  o.e.m.c.i.embedder.EclipseLogger - Copying 0 resource
2023-11-21 15:02:18,930 [Worker-43: Building] WARN  o.e.m.c.i.embedder.EclipseLogger - Using platform encoding (Cp1252 actually) to copy filtered resources, i.e. build is platform dependent!
2023-11-21 15:02:18,933 [Worker-43: Building] INFO  o.e.m.c.i.embedder.EclipseLogger - skip non existing resourceDirectory E:\DamTenderManagementProject\git\Tender-Management-System\tendermanagement\src\test\resources
2023-11-21 15:02:31,109 [Worker-42: Building] WARN  o.e.m.c.i.embedder.EclipseLogger - Using platform encoding (Cp1252 actually) to copy filtered resources, i.e. build is platform dependent!
2023-11-21 15:02:31,113 [Worker-42: Building] INFO  o.e.m.c.i.embedder.EclipseLogger - Copying 0 resource
2023-11-21 15:02:31,125 [Worker-42: Building] WARN  o.e.m.c.i.embedder.EclipseLogger - Using platform encoding (Cp1252 actually) to copy filtered resources, i.e. build is platform dependent!
2023-11-21 15:02:31,127 [Worker-42: Building] INFO  o.e.m.c.i.embedder.EclipseLogger - skip non existing resourceDirectory E:\DamTenderManagementProject\git\Tender-Management-System\tendermanagement\src\test\resources
2023-11-21 15:03:07,772 [Worker-41: Building] WARN  o.e.m.c.i.embedder.EclipseLogger - Using platform encoding (Cp1252 actually) to copy filtered resources, i.e. build is platform dependent!
2023-11-21 15:03:07,774 [Worker-41: Building] INFO  o.e.m.c.i.embedder.EclipseLogger - Copying 0 resource
2023-11-21 15:03:07,784 [Worker-41: Building] WARN  o.e.m.c.i.embedder.EclipseLogger - Using platform encoding (Cp1252 actually) to copy filtered resources, i.e. build is platform dependent!
2023-11-21 15:03:07,786 [Worker-41: Building] INFO  o.e.m.c.i.embedder.EclipseLogger - skip non existing resourceDirectory E:\DamTenderManagementProject\git\Tender-Management-System\tendermanagement\src\test\resources
2023-11-21 15:04:10,674 [Worker-39: Building] WARN  o.e.m.c.i.embedder.EclipseLogger - Using platform encoding (Cp1252 actually) to copy filtered resources, i.e. build is platform dependent!
2023-11-21 15:04:10,676 [Worker-39: Building] INFO  o.e.m.c.i.embedder.EclipseLogger - Copying 0 resource
2023-11-21 15:04:10,682 [Worker-39: Building] WARN  o.e.m.c.i.embedder.EclipseLogger - Using platform encoding (Cp1252 actually) to copy filtered resources, i.e. build is platform dependent!
2023-11-21 15:04:10,683 [Worker-39: Building] INFO  o.e.m.c.i.embedder.EclipseLogger - skip non existing resourceDirectory E:\DamTenderManagementProject\git\Tender-Management-System\tendermanagement\src\test\resources
2023-11-21 15:04:37,247 [Worker-44: Building] WARN  o.e.m.c.i.embedder.EclipseLogger - Using platform encoding (Cp1252 actually) to copy filtered resources, i.e. build is platform dependent!
2023-11-21 15:04:37,250 [Worker-44: Building] INFO  o.e.m.c.i.embedder.EclipseLogger - Copying 0 resource
2023-11-21 15:04:37,256 [Worker-44: Building] WARN  o.e.m.c.i.embedder.EclipseLogger - Using platform encoding (Cp1252 actually) to copy filtered resources, i.e. build is platform dependent!
2023-11-21 15:04:37,258 [Worker-44: Building] INFO  o.e.m.c.i.embedder.EclipseLogger - skip non existing resourceDirectory E:\DamTenderManagementProject\git\Tender-Management-System\tendermanagement\src\test\resources
2023-11-21 15:06:02,964 [Worker-44: Building] WARN  o.e.m.c.i.embedder.EclipseLogger - Using platform encoding (Cp1252 actually) to copy filtered resources, i.e. build is platform dependent!
2023-11-21 15:06:02,965 [Worker-44: Building] INFO  o.e.m.c.i.embedder.EclipseLogger - Copying 0 resource
2023-11-21 15:06:02,969 [Worker-44: Building] WARN  o.e.m.c.i.embedder.EclipseLogger - Using platform encoding (Cp1252 actually) to copy filtered resources, i.e. build is platform dependent!
2023-11-21 15:06:02,970 [Worker-44: Building] INFO  o.e.m.c.i.embedder.EclipseLogger - skip non existing resourceDirectory E:\DamTenderManagementProject\git\Tender-Management-System\tendermanagement\src\test\resources
2023-11-21 15:06:29,636 [Worker-44: Building] WARN  o.e.m.c.i.embedder.EclipseLogger - Using platform encoding (Cp1252 actually) to copy filtered resources, i.e. build is platform dependent!
2023-11-21 15:06:29,639 [Worker-44: Building] INFO  o.e.m.c.i.embedder.EclipseLogger - Copying 0 resource
2023-11-21 15:06:29,648 [Worker-44: Building] WARN  o.e.m.c.i.embedder.EclipseLogger - Using platform encoding (Cp1252 actually) to copy filtered resources, i.e. build is platform dependent!
2023-11-21 15:06:29,651 [Worker-44: Building] INFO  o.e.m.c.i.embedder.EclipseLogger - skip non existing resourceDirectory E:\DamTenderManagementProject\git\Tender-Management-System\tendermanagement\src\test\resources
2023-11-21 15:06:48,699 [Worker-46: Building] WARN  o.e.m.c.i.embedder.EclipseLogger - Using platform encoding (Cp1252 actually) to copy filtered resources, i.e. build is platform dependent!
2023-11-21 15:06:48,703 [Worker-46: Building] INFO  o.e.m.c.i.embedder.EclipseLogger - Copying 0 resource
2023-11-21 15:06:48,712 [Worker-46: Building] WARN  o.e.m.c.i.embedder.EclipseLogger - Using platform encoding (Cp1252 actually) to copy filtered resources, i.e. build is platform dependent!
2023-11-21 15:06:48,714 [Worker-46: Building] INFO  o.e.m.c.i.embedder.EclipseLogger - skip non existing resourceDirectory E:\DamTenderManagementProject\git\Tender-Management-System\tendermanagement\src\test\resources
2023-11-21 15:06:56,971 [Worker-43: Building] WARN  o.e.m.c.i.embedder.EclipseLogger - Using platform encoding (Cp1252 actually) to copy filtered resources, i.e. build is platform dependent!
2023-11-21 15:06:56,975 [Worker-43: Building] INFO  o.e.m.c.i.embedder.EclipseLogger - Copying 0 resource
2023-11-21 15:06:56,984 [Worker-43: Building] WARN  o.e.m.c.i.embedder.EclipseLogger - Using platform encoding (Cp1252 actually) to copy filtered resources, i.e. build is platform dependent!
2023-11-21 15:06:56,988 [Worker-43: Building] INFO  o.e.m.c.i.embedder.EclipseLogger - skip non existing resourceDirectory E:\DamTenderManagementProject\git\Tender-Management-System\tendermanagement\src\test\resources
2023-11-21 15:07:51,466 [Worker-49: Building] WARN  o.e.m.c.i.embedder.EclipseLogger - Using platform encoding (Cp1252 actually) to copy filtered resources, i.e. build is platform dependent!
2023-11-21 15:07:51,469 [Worker-49: Building] INFO  o.e.m.c.i.embedder.EclipseLogger - Copying 0 resource
2023-11-21 15:07:51,483 [Worker-49: Building] WARN  o.e.m.c.i.embedder.EclipseLogger - Using platform encoding (Cp1252 actually) to copy filtered resources, i.e. build is platform dependent!
2023-11-21 15:07:51,486 [Worker-49: Building] INFO  o.e.m.c.i.embedder.EclipseLogger - skip non existing resourceDirectory E:\DamTenderManagementProject\git\Tender-Management-System\tendermanagement\src\test\resources
2023-11-21 15:08:18,448 [Worker-47: Building] WARN  o.e.m.c.i.embedder.EclipseLogger - Using platform encoding (Cp1252 actually) to copy filtered resources, i.e. build is platform dependent!
2023-11-21 15:08:18,451 [Worker-47: Building] INFO  o.e.m.c.i.embedder.EclipseLogger - Copying 0 resource
2023-11-21 15:08:18,461 [Worker-47: Building] WARN  o.e.m.c.i.embedder.EclipseLogger - Using platform encoding (Cp1252 actually) to copy filtered resources, i.e. build is platform dependent!
2023-11-21 15:08:18,464 [Worker-47: Building] INFO  o.e.m.c.i.embedder.EclipseLogger - skip non existing resourceDirectory E:\DamTenderManagementProject\git\Tender-Management-System\tendermanagement\src\test\resources
2023-11-21 15:08:50,200 [Worker-44: Building] WARN  o.e.m.c.i.embedder.EclipseLogger - Using platform encoding (Cp1252 actually) to copy filtered resources, i.e. build is platform dependent!
2023-11-21 15:08:50,204 [Worker-44: Building] INFO  o.e.m.c.i.embedder.EclipseLogger - Copying 0 resource
2023-11-21 15:08:50,212 [Worker-44: Building] WARN  o.e.m.c.i.embedder.EclipseLogger - Using platform encoding (Cp1252 actually) to copy filtered resources, i.e. build is platform dependent!
2023-11-21 15:08:50,217 [Worker-44: Building] INFO  o.e.m.c.i.embedder.EclipseLogger - skip non existing resourceDirectory E:\DamTenderManagementProject\git\Tender-Management-System\tendermanagement\src\test\resources
2023-11-21 15:08:56,185 [Worker-38: Building] WARN  o.e.m.c.i.embedder.EclipseLogger - Using platform encoding (Cp1252 actually) to copy filtered resources, i.e. build is platform dependent!
2023-11-21 15:08:56,189 [Worker-38: Building] INFO  o.e.m.c.i.embedder.EclipseLogger - Copying 0 resource
2023-11-21 15:08:56,198 [Worker-38: Building] WARN  o.e.m.c.i.embedder.EclipseLogger - Using platform encoding (Cp1252 actually) to copy filtered resources, i.e. build is platform dependent!
2023-11-21 15:08:56,201 [Worker-38: Building] INFO  o.e.m.c.i.embedder.EclipseLogger - skip non existing resourceDirectory E:\DamTenderManagementProject\git\Tender-Management-System\tendermanagement\src\test\resources
2023-11-21 15:09:38,979 [Worker-47: Building] WARN  o.e.m.c.i.embedder.EclipseLogger - Using platform encoding (Cp1252 actually) to copy filtered resources, i.e. build is platform dependent!
2023-11-21 15:09:38,982 [Worker-47: Building] INFO  o.e.m.c.i.embedder.EclipseLogger - Copying 0 resource
2023-11-21 15:09:38,989 [Worker-47: Building] WARN  o.e.m.c.i.embedder.EclipseLogger - Using platform encoding (Cp1252 actually) to copy filtered resources, i.e. build is platform dependent!
2023-11-21 15:09:38,990 [Worker-47: Building] INFO  o.e.m.c.i.embedder.EclipseLogger - skip non existing resourceDirectory E:\DamTenderManagementProject\git\Tender-Management-System\tendermanagement\src\test\resources
2023-11-21 15:11:01,837 [Worker-44: Building] WARN  o.e.m.c.i.embedder.EclipseLogger - Using platform encoding (Cp1252 actually) to copy filtered resources, i.e. build is platform dependent!
2023-11-21 15:11:01,839 [Worker-44: Building] INFO  o.e.m.c.i.embedder.EclipseLogger - Copying 0 resource
2023-11-21 15:11:01,842 [Worker-44: Building] WARN  o.e.m.c.i.embedder.EclipseLogger - Using platform encoding (Cp1252 actually) to copy filtered resources, i.e. build is platform dependent!
2023-11-21 15:11:01,843 [Worker-44: Building] INFO  o.e.m.c.i.embedder.EclipseLogger - skip non existing resourceDirectory E:\DamTenderManagementProject\git\Tender-Management-System\tendermanagement\src\test\resources
2023-11-21 15:12:05,931 [Worker-48: Building] WARN  o.e.m.c.i.embedder.EclipseLogger - Using platform encoding (Cp1252 actually) to copy filtered resources, i.e. build is platform dependent!
2023-11-21 15:12:05,935 [Worker-48: Building] INFO  o.e.m.c.i.embedder.EclipseLogger - Copying 0 resource
2023-11-21 15:12:05,945 [Worker-48: Building] WARN  o.e.m.c.i.embedder.EclipseLogger - Using platform encoding (Cp1252 actually) to copy filtered resources, i.e. build is platform dependent!
2023-11-21 15:12:05,946 [Worker-48: Building] INFO  o.e.m.c.i.embedder.EclipseLogger - skip non existing resourceDirectory E:\DamTenderManagementProject\git\Tender-Management-System\tendermanagement\src\test\resources
2023-11-21 15:12:09,620 [Worker-49: Building] WARN  o.e.m.c.i.embedder.EclipseLogger - Using platform encoding (Cp1252 actually) to copy filtered resources, i.e. build is platform dependent!
2023-11-21 15:12:09,621 [Worker-49: Building] INFO  o.e.m.c.i.embedder.EclipseLogger - Copying 0 resource
2023-11-21 15:12:09,624 [Worker-49: Building] WARN  o.e.m.c.i.embedder.EclipseLogger - Using platform encoding (Cp1252 actually) to copy filtered resources, i.e. build is platform dependent!
2023-11-21 15:12:09,625 [Worker-49: Building] INFO  o.e.m.c.i.embedder.EclipseLogger - skip non existing resourceDirectory E:\DamTenderManagementProject\git\Tender-Management-System\tendermanagement\src\test\resources
2023-11-21 15:12:16,418 [Worker-43: Building] WARN  o.e.m.c.i.embedder.EclipseLogger - Using platform encoding (Cp1252 actually) to copy filtered resources, i.e. build is platform dependent!
2023-11-21 15:12:16,421 [Worker-43: Building] INFO  o.e.m.c.i.embedder.EclipseLogger - Copying 0 resource
2023-11-21 15:12:16,432 [Worker-43: Building] WARN  o.e.m.c.i.embedder.EclipseLogger - Using platform encoding (Cp1252 actually) to copy filtered resources, i.e. build is platform dependent!
2023-11-21 15:12:16,435 [Worker-43: Building] INFO  o.e.m.c.i.embedder.EclipseLogger - skip non existing resourceDirectory E:\DamTenderManagementProject\git\Tender-Management-System\tendermanagement\src\test\resources
2023-11-21 15:12:45,216 [Worker-44: Building] WARN  o.e.m.c.i.embedder.EclipseLogger - Using platform encoding (Cp1252 actually) to copy filtered resources, i.e. build is platform dependent!
2023-11-21 15:12:45,219 [Worker-44: Building] INFO  o.e.m.c.i.embedder.EclipseLogger - Copying 0 resource
2023-11-21 15:12:45,227 [Worker-44: Building] WARN  o.e.m.c.i.embedder.EclipseLogger - Using platform encoding (Cp1252 actually) to copy filtered resources, i.e. build is platform dependent!
2023-11-21 15:12:45,230 [Worker-44: Building] INFO  o.e.m.c.i.embedder.EclipseLogger - skip non existing resourceDirectory E:\DamTenderManagementProject\git\Tender-Management-System\tendermanagement\src\test\resources
2023-11-21 15:20:47,200 [Worker-43: Building] WARN  o.e.m.c.i.embedder.EclipseLogger - Using platform encoding (Cp1252 actually) to copy filtered resources, i.e. build is platform dependent!
2023-11-21 15:20:47,204 [Worker-43: Building] INFO  o.e.m.c.i.embedder.EclipseLogger - Copying 0 resource
2023-11-21 15:20:47,214 [Worker-43: Building] WARN  o.e.m.c.i.embedder.EclipseLogger - Using platform encoding (Cp1252 actually) to copy filtered resources, i.e. build is platform dependent!
2023-11-21 15:20:47,218 [Worker-43: Building] INFO  o.e.m.c.i.embedder.EclipseLogger - skip non existing resourceDirectory E:\DamTenderManagementProject\git\Tender-Management-System\tendermanagement\src\test\resources
2023-11-21 15:21:12,426 [Worker-51: Building] WARN  o.e.m.c.i.embedder.EclipseLogger - Using platform encoding (Cp1252 actually) to copy filtered resources, i.e. build is platform dependent!
2023-11-21 15:21:12,431 [Worker-51: Building] INFO  o.e.m.c.i.embedder.EclipseLogger - Copying 0 resource
2023-11-21 15:21:12,440 [Worker-51: Building] WARN  o.e.m.c.i.embedder.EclipseLogger - Using platform encoding (Cp1252 actually) to copy filtered resources, i.e. build is platform dependent!
2023-11-21 15:21:12,444 [Worker-51: Building] INFO  o.e.m.c.i.embedder.EclipseLogger - skip non existing resourceDirectory E:\DamTenderManagementProject\git\Tender-Management-System\tendermanagement\src\test\resources
